2025-05-01 10:48:18,228 - INFO - Creato nuovo file CSV: punzonature.csv
2025-05-01 10:48:18,229 - INFO - [1128005528] TOPIC=unknown TIME=0
2025-05-01 10:48:18,229 - INFO -   name: OBRC_004
2025-05-01 10:48:18,229 - INFO -   pkey: 936D4854BB4E5
2025-05-01 10:48:18,229 - INFO -   id: 394
2025-05-01 10:48:18,230 - INFO -   control: 100
2025-05-01 10:48:18,230 - INFO -   card_number: 2037494
2025-05-01 10:48:18,230 - INFO -   punch_time: 2025-05-01T10:48:27
2025-05-01 10:48:18,230 - INFO - Salvata punzonatura nel CSV: SiCard unknown, Stazione unknown
2025-05-01 10:48:35,493 - INFO - [1128005528] TOPIC=unknown TIME=0
2025-05-01 10:48:35,493 - INFO -   name: OBRC_004
2025-05-01 10:48:35,494 - INFO -   pkey: 936D4854BB4E5
2025-05-01 10:48:35,494 - INFO -   id: 395
2025-05-01 10:48:35,494 - INFO -   control: 100
2025-05-01 10:48:35,494 - INFO -   card_number: 2037494
2025-05-01 10:48:35,494 - INFO -   punch_time: 2025-05-01T10:48:44
2025-05-01 10:48:35,494 - INFO - Salvata punzonatura nel CSV: SiCard unknown, Stazione unknown
2025-05-01 10:50:58,048 - INFO - [1128005528] TOPIC=unknown TIME=0
2025-05-01 10:50:58,048 - INFO -   name: OBRC_004
2025-05-01 10:50:58,048 - INFO -   pkey: 936D4854BB4E5
2025-05-01 10:50:58,048 - INFO -   id: 396
2025-05-01 10:50:58,049 - INFO -   control: 100
2025-05-01 10:50:58,049 - INFO -   card_number: 2037494
2025-05-01 10:50:58,049 - INFO -   punch_time: 2025-05-01T10:49:30
2025-05-01 10:50:58,049 - INFO - Salvata punzonatura nel CSV: SiCard unknown, Stazione unknown
2025-05-01 10:51:20,208 - INFO - [1128005528] TOPIC=unknown TIME=0
2025-05-01 10:51:20,208 - INFO -   name: OBRC_004
2025-05-01 10:51:20,208 - INFO -   pkey: 936D4854BB4E5
2025-05-01 10:51:20,208 - INFO -   id: 397
2025-05-01 10:51:20,209 - INFO -   control: 100
2025-05-01 10:51:20,211 - INFO -   card_number: 2037494
2025-05-01 10:51:20,211 - INFO -   punch_time: 2025-05-01T10:49:48
2025-05-01 10:51:20,211 - INFO - Salvata punzonatura nel CSV: SiCard unknown, Stazione unknown
2025-05-01 10:52:07,627 - INFO - [1128005528] TOPIC=unknown TIME=0
2025-05-01 10:52:07,627 - INFO -   name: OBRC_004
2025-05-01 10:52:07,627 - INFO -   pkey: 936D4854BB4E5
2025-05-01 10:52:07,627 - INFO -   id: 398
2025-05-01 10:52:07,628 - INFO -   control: 100
2025-05-01 10:52:07,628 - INFO -   card_number: 2037494
2025-05-01 10:52:07,628 - INFO -   punch_time: 2025-05-01T10:50:19
2025-05-01 10:52:07,628 - INFO - Salvata punzonatura nel CSV: SiCard unknown, Stazione unknown
2025-05-01 10:53:31,939 - INFO - [1128005528] TOPIC=unknown TIME=0
2025-05-01 10:53:31,939 - INFO -   name: OBRC_004
2025-05-01 10:53:31,939 - INFO -   pkey: 936D4854BB4E5
2025-05-01 10:53:31,939 - INFO -   id: 399
2025-05-01 10:53:31,939 - INFO -   control: 100
2025-05-01 10:53:31,939 - INFO -   card_number: 2037494
2025-05-01 10:53:31,939 - INFO -   punch_time: 2025-05-01T10:50:42
2025-05-01 10:53:31,940 - INFO - Salvata punzonatura nel CSV: SiCard unknown, Stazione unknown
2025-05-01 10:53:52,170 - INFO - [1128005528] TOPIC=unknown TIME=0
2025-05-01 10:53:52,170 - INFO -   name: OBRC_004
2025-05-01 10:53:52,170 - INFO -   pkey: 936D4854BB4E5
2025-05-01 10:53:52,170 - INFO -   id: 400
2025-05-01 10:53:52,170 - INFO -   control: 100
2025-05-01 10:53:52,170 - INFO -   card_number: 2037494
2025-05-01 10:53:52,171 - INFO -   punch_time: 2025-05-01T10:50:59
2025-05-01 10:53:52,171 - INFO - Salvata punzonatura nel CSV: SiCard unknown, Stazione unknown
2025-05-01 10:53:58,703 - INFO - [1128005528] TOPIC=unknown TIME=0
2025-05-01 10:53:58,704 - INFO -   name: OBRC_004
2025-05-01 10:53:58,704 - INFO -   pkey: 936D4854BB4E5
2025-05-01 10:53:58,704 - INFO -   id: 401
2025-05-01 10:53:58,704 - INFO -   control: 100
2025-05-01 10:53:58,704 - INFO -   card_number: 211309
2025-05-01 10:53:58,704 - INFO -   punch_time: 2025-05-01T10:51:10
2025-05-01 10:53:58,704 - INFO - Salvata punzonatura nel CSV: SiCard unknown, Stazione unknown
2025-05-01 10:54:00,211 - INFO - [1128005528] TOPIC=unknown TIME=0
2025-05-01 10:54:00,212 - INFO -   name: OBRC_004
2025-05-01 10:54:00,212 - INFO -   pkey: 936D4854BB4E5
2025-05-01 10:54:00,212 - INFO -   id: 402
2025-05-01 10:54:00,212 - INFO -   control: 100
2025-05-01 10:54:00,212 - INFO -   card_number: 2037494
2025-05-01 10:54:00,212 - INFO -   punch_time: 2025-05-01T10:51:20
2025-05-01 10:54:00,212 - INFO - Salvata punzonatura nel CSV: SiCard unknown, Stazione unknown
2025-05-01 10:54:01,699 - INFO - [1128005528] TOPIC=unknown TIME=0
2025-05-01 10:54:01,700 - INFO -   name: OBRC_004
2025-05-01 10:54:01,700 - INFO -   pkey: 936D4854BB4E5
2025-05-01 10:54:01,700 - INFO -   id: 407
2025-05-01 10:54:01,700 - INFO -   control: 100
2025-05-01 10:54:01,700 - INFO -   card_number: 211309
2025-05-01 10:54:01,700 - INFO -   punch_time: 2025-05-01T10:52:28
2025-05-01 10:54:01,700 - INFO - Salvata punzonatura nel CSV: SiCard unknown, Stazione unknown
2025-05-01 10:54:03,245 - INFO - [1128005528] TOPIC=unknown TIME=0
2025-05-01 10:54:03,246 - INFO -   name: OBRC_004
2025-05-01 10:54:03,246 - INFO -   pkey: 936D4854BB4E5
2025-05-01 10:54:03,246 - INFO -   id: 408
2025-05-01 10:54:03,246 - INFO -   control: 100
2025-05-01 10:54:03,246 - INFO -   card_number: 2037494
2025-05-01 10:54:03,246 - INFO -   punch_time: 2025-05-01T10:52:41
2025-05-01 10:54:03,246 - INFO - Salvata punzonatura nel CSV: SiCard unknown, Stazione unknown
2025-05-01 17:55:34,151 - ERROR - Impossibile aprire interfaccia Meshtastic: [Errno 2] No such file or directory: 'COM5'
2025-05-01 18:25:21,604 - INFO - [1128005528] TOPIC=unknown TIME=0
2025-05-01 18:25:21,607 - INFO -   name: OBRC_004
2025-05-01 18:25:21,607 - INFO -   pkey: 936D4854BB4E5
2025-05-01 18:25:21,609 - INFO -   id: 411
2025-05-01 18:25:21,610 - INFO -   control: 10
2025-05-01 18:25:21,610 - INFO -   card_number: 349578
2025-05-01 18:25:21,611 - INFO -   punch_time: 2025-05-01T18:25:18
2025-05-01 18:25:21,613 - INFO - Salvata punzonatura nel CSV: SiCard unknown, Stazione unknown
2025-05-01 18:25:29,060 - INFO - [1128005528] TOPIC=unknown TIME=0
2025-05-01 18:25:29,060 - INFO -   name: OBRC_004
2025-05-01 18:25:29,061 - INFO -   pkey: 936D4854BB4E5
2025-05-01 18:25:29,061 - INFO -   id: 412
2025-05-01 18:25:29,061 - INFO -   control: 10
2025-05-01 18:25:29,062 - INFO -   card_number: 423844
2025-05-01 18:25:29,062 - INFO -   punch_time: 2025-05-01T18:25:26
2025-05-01 18:25:29,062 - INFO - Salvata punzonatura nel CSV: SiCard unknown, Stazione unknown
2025-05-01 18:25:33,880 - INFO - [1128005528] TOPIC=unknown TIME=0
2025-05-01 18:25:33,881 - INFO -   name: OBRC_004
2025-05-01 18:25:33,882 - INFO -   pkey: 936D4854BB4E5
2025-05-01 18:25:33,883 - INFO -   id: 413
2025-05-01 18:25:33,883 - INFO -   control: 10
2025-05-01 18:25:33,884 - INFO -   card_number: 211309
2025-05-01 18:25:33,885 - INFO -   punch_time: 2025-05-01T18:25:31
2025-05-01 18:25:33,885 - INFO - Salvata punzonatura nel CSV: SiCard unknown, Stazione unknown
2025-05-01 18:25:43,456 - INFO - [1128005528] TOPIC=unknown TIME=0
2025-05-01 18:25:43,456 - INFO -   name: OBRC_004
2025-05-01 18:25:43,456 - INFO -   pkey: 936D4854BB4E5
2025-05-01 18:25:43,457 - INFO -   id: 414
2025-05-01 18:25:43,457 - INFO -   control: 10
2025-05-01 18:25:43,457 - INFO -   card_number: 248929
2025-05-01 18:25:43,458 - INFO -   punch_time: 2025-05-01T18:25:40
2025-05-01 18:25:43,458 - INFO - Salvata punzonatura nel CSV: SiCard unknown, Stazione unknown
2025-05-01 18:25:49,028 - INFO - [1128005528] TOPIC=unknown TIME=0
2025-05-01 18:25:49,028 - INFO -   name: OBRC_004
2025-05-01 18:25:49,029 - INFO -   pkey: 936D4854BB4E5
2025-05-01 18:25:49,030 - INFO -   id: 415
2025-05-01 18:25:49,030 - INFO -   control: 10
2025-05-01 18:25:49,030 - INFO -   card_number: 2037494
2025-05-01 18:25:49,031 - INFO -   punch_time: 2025-05-01T18:25:46
2025-05-01 18:25:49,032 - INFO - Salvata punzonatura nel CSV: SiCard unknown, Stazione unknown
2025-05-01 18:25:53,978 - INFO - [1128005528] TOPIC=unknown TIME=0
2025-05-01 18:25:53,978 - INFO -   name: OBRC_004
2025-05-01 18:25:53,980 - INFO -   pkey: 936D4854BB4E5
2025-05-01 18:25:53,981 - INFO -   id: 416
2025-05-01 18:25:53,982 - INFO -   control: 10
2025-05-01 18:25:53,983 - INFO -   card_number: 2023752
2025-05-01 18:25:53,984 - INFO -   punch_time: 2025-05-01T18:25:51
2025-05-01 18:25:53,985 - INFO - Salvata punzonatura nel CSV: SiCard unknown, Stazione unknown
2025-05-01 18:26:00,850 - INFO - [1128005528] TOPIC=unknown TIME=0
2025-05-01 18:26:00,851 - INFO -   name: OBRC_004
2025-05-01 18:26:00,852 - INFO -   pkey: 936D4854BB4E5
2025-05-01 18:26:00,853 - INFO -   id: 417
2025-05-01 18:26:00,854 - INFO -   control: 10
2025-05-01 18:26:00,854 - INFO -   card_number: 1006244
2025-05-01 18:26:00,855 - INFO -   punch_time: 2025-05-01T18:25:58
2025-05-01 18:26:00,856 - INFO - Salvata punzonatura nel CSV: SiCard unknown, Stazione unknown
2025-05-01 18:26:07,539 - INFO - [1128005528] TOPIC=unknown TIME=0
2025-05-01 18:26:07,540 - INFO -   name: OBRC_004
2025-05-01 18:26:07,542 - INFO -   pkey: 936D4854BB4E5
2025-05-01 18:26:07,543 - INFO -   id: 418
2025-05-01 18:26:07,545 - INFO -   control: 10
2025-05-01 18:26:07,545 - INFO -   card_number: 8237773
2025-05-01 18:26:07,546 - INFO -   punch_time: 2025-05-01T18:26:04
2025-05-01 18:26:07,547 - INFO - Salvata punzonatura nel CSV: SiCard unknown, Stazione unknown
2025-05-01 18:26:10,954 - INFO - [1128005528] TOPIC=unknown TIME=0
2025-05-01 18:26:10,955 - INFO -   name: OBRC_004
2025-05-01 18:26:10,955 - INFO -   pkey: 936D4854BB4E5
2025-05-01 18:26:10,956 - INFO -   id: 419
2025-05-01 18:26:10,957 - INFO -   control: 10
2025-05-01 18:26:10,958 - INFO -   card_number: 8628697
2025-05-01 18:26:10,958 - INFO -   punch_time: 2025-05-01T18:26:08
2025-05-01 18:26:10,959 - INFO - Salvata punzonatura nel CSV: SiCard unknown, Stazione unknown
2025-05-01 18:41:00,530 - INFO - [1128005528] TOPIC=unknown TIME=0
2025-05-01 18:41:00,531 - INFO -   name: OBRC_004
2025-05-01 18:41:00,532 - INFO -   pkey: 936D4854BB4E5
2025-05-01 18:41:00,533 - INFO -   id: 420
2025-05-01 18:41:00,535 - INFO -   control: 10
2025-05-01 18:41:00,535 - INFO -   card_number: 1006244
2025-05-01 18:41:00,536 - INFO -   punch_time: 2025-05-01T18:40:58
2025-05-01 18:41:00,537 - INFO - Salvata punzonatura nel CSV: SiCard 936D4854BB4E5, Stazione 10
2025-05-01 18:49:59,001 - INFO - [1128005528] PUNCH: SiCard=248929, Control=10, Time=2025-05-01T18:49:56, Station=OBRC_004
2025-05-01 18:49:59,005 - INFO - Salvata punzonatura nel CSV: SiCard 248929, Stazione 10, Ora 2025-05-01T18:49:56
2025-05-01 18:50:20,999 - INFO - [1128005528] PUNCH: SiCard=349578, Control=10, Time=2025-05-01T18:50:18, Station=OBRC_004
2025-05-01 18:50:21,001 - INFO - Salvata punzonatura nel CSV: SiCard 349578, Stazione 10, Ora 2025-05-01T18:50:18
2025-05-01 18:50:27,730 - INFO - [1128005528] PUNCH: SiCard=211309, Control=10, Time=2025-05-01T18:50:24, Station=OBRC_004
2025-05-01 18:50:27,731 - INFO - Salvata punzonatura nel CSV: SiCard 211309, Stazione 10, Ora 2025-05-01T18:50:24
2025-05-01 18:50:36,991 - INFO - [1128005528] PUNCH: SiCard=423844, Control=10, Time=2025-05-01T18:50:34, Station=OBRC_004
2025-05-01 18:50:36,992 - INFO - Salvata punzonatura nel CSV: SiCard 423844, Stazione 10, Ora 2025-05-01T18:50:34
2025-05-01 18:50:44,073 - INFO - [1128005528] PUNCH: SiCard=2037494, Control=10, Time=2025-05-01T18:50:41, Station=OBRC_004
2025-05-01 18:50:44,074 - INFO - Salvata punzonatura nel CSV: SiCard 2037494, Stazione 10, Ora 2025-05-01T18:50:41
2025-05-01 18:50:51,671 - INFO - [1128005528] PUNCH: SiCard=1006244, Control=10, Time=2025-05-01T18:50:48, Station=OBRC_004
2025-05-01 18:50:51,671 - INFO - Salvata punzonatura nel CSV: SiCard 1006244, Stazione 10, Ora 2025-05-01T18:50:48
2025-05-01 18:50:59,233 - INFO - [1128005528] PUNCH: SiCard=2023752, Control=10, Time=2025-05-01T18:50:55, Station=OBRC_004
2025-05-01 18:50:59,235 - INFO - Salvata punzonatura nel CSV: SiCard 2023752, Stazione 10, Ora 2025-05-01T18:50:55
2025-05-01 18:51:06,900 - INFO - [1128005528] PUNCH: SiCard=8237773, Control=10, Time=2025-05-01T18:51:04, Station=OBRC_004
2025-05-01 18:51:06,901 - INFO - Salvata punzonatura nel CSV: SiCard 8237773, Stazione 10, Ora 2025-05-01T18:51:04
2025-05-01 18:51:13,837 - INFO - [1128005528] PUNCH: SiCard=8628697, Control=10, Time=2025-05-01T18:51:11, Station=OBRC_004
2025-05-01 18:51:13,838 - INFO - Salvata punzonatura nel CSV: SiCard 8628697, Stazione 10, Ora 2025-05-01T18:51:11
2025-05-03 22:02:48,684 - ERROR - Impossibile aprire interfaccia Meshtastic: could not open port 'COM3': FileNotFoundError(2, 'Impossibile trovare il file specificato.', None, 2)
2025-05-04 17:10:45,350 - INFO - [1128005528] PUNCH: SiCard=2023752, Control=43, Time=2025-05-04T17:10:42, Station=OBRC_004
2025-05-04 17:10:45,351 - INFO - Salvata punzonatura nel CSV: SiCard 2023752, Stazione 43, Ora 2025-05-04T17:10:42
2025-05-04 17:11:15,241 - INFO - [1128005528] PUNCH: SiCard=2023752, Control=43, Time=2025-05-04T17:11:13, Station=OBRC_004
2025-05-04 17:11:15,242 - INFO - Salvata punzonatura nel CSV: SiCard 2023752, Stazione 43, Ora 2025-05-04T17:11:13
2025-05-04 17:11:26,979 - INFO - [1128005528] PUNCH: SiCard=2023752, Control=43, Time=2025-05-04T17:11:24, Station=OBRC_004
2025-05-04 17:11:26,980 - INFO - Salvata punzonatura nel CSV: SiCard 2023752, Stazione 43, Ora 2025-05-04T17:11:24
2025-05-04 17:11:39,994 - INFO - [1128005528] PUNCH: SiCard=423844, Control=43, Time=2025-05-04T17:11:37, Station=OBRC_004
2025-05-04 17:11:39,995 - INFO - Salvata punzonatura nel CSV: SiCard 423844, Stazione 43, Ora 2025-05-04T17:11:37
2025-05-04 17:11:46,726 - INFO - [1128005528] PUNCH: SiCard=211309, Control=43, Time=2025-05-04T17:11:44, Station=OBRC_004
2025-05-04 17:11:46,727 - INFO - Salvata punzonatura nel CSV: SiCard 211309, Stazione 43, Ora 2025-05-04T17:11:44
2025-05-04 17:11:51,771 - INFO - [1128005528] PUNCH: SiCard=248929, Control=43, Time=2025-05-04T17:11:49, Station=OBRC_004
2025-05-04 17:11:51,772 - INFO - Salvata punzonatura nel CSV: SiCard 248929, Stazione 43, Ora 2025-05-04T17:11:49
2025-05-04 17:11:56,380 - INFO - [1128005528] PUNCH: SiCard=8237773, Control=43, Time=2025-05-04T17:11:54, Station=OBRC_004
2025-05-04 17:11:56,380 - INFO - Salvata punzonatura nel CSV: SiCard 8237773, Stazione 43, Ora 2025-05-04T17:11:54
2025-05-04 17:12:08,673 - INFO - [1128005528] PUNCH: SiCard=349578, Control=43, Time=2025-05-04T17:12:06, Station=OBRC_004
2025-05-04 17:12:08,673 - INFO - Salvata punzonatura nel CSV: SiCard 349578, Stazione 43, Ora 2025-05-04T17:12:06
2025-05-04 17:12:15,035 - INFO - [1128005528] PUNCH: SiCard=1006244, Control=43, Time=2025-05-04T17:12:12, Station=OBRC_004
2025-05-04 17:12:15,036 - INFO - Salvata punzonatura nel CSV: SiCard 1006244, Stazione 43, Ora 2025-05-04T17:12:12
2025-05-04 17:12:21,994 - INFO - [1128005528] PUNCH: SiCard=8628697, Control=43, Time=2025-05-04T17:12:20, Station=OBRC_004
2025-05-04 17:12:21,994 - INFO - Salvata punzonatura nel CSV: SiCard 8628697, Stazione 43, Ora 2025-05-04T17:12:20
2025-05-04 17:12:30,025 - INFO - [1128005528] PUNCH: SiCard=248929, Control=43, Time=2025-05-04T17:12:27, Station=OBRC_004
2025-05-04 17:12:30,026 - INFO - Salvata punzonatura nel CSV: SiCard 248929, Stazione 43, Ora 2025-05-04T17:12:27
2025-05-04 17:12:33,891 - INFO - [1128005528] PUNCH: SiCard=1006244, Control=43, Time=2025-05-04T17:12:31, Station=OBRC_004
2025-05-04 17:12:33,891 - INFO - Salvata punzonatura nel CSV: SiCard 1006244, Stazione 43, Ora 2025-05-04T17:12:31
2025-05-04 17:12:48,848 - INFO - [1128005528] PUNCH: SiCard=2023752, Control=43, Time=2025-05-04T17:12:46, Station=OBRC_004
2025-05-04 17:12:48,848 - INFO - Salvata punzonatura nel CSV: SiCard 2023752, Stazione 43, Ora 2025-05-04T17:12:46
2025-05-04 17:12:55,401 - INFO - [1128005528] PUNCH: SiCard=211309, Control=43, Time=2025-05-04T17:12:52, Station=OBRC_004
2025-05-04 17:12:55,402 - INFO - Salvata punzonatura nel CSV: SiCard 211309, Stazione 43, Ora 2025-05-04T17:12:52
2025-05-04 17:13:02,431 - INFO - [1128005528] PUNCH: SiCard=349578, Control=43, Time=2025-05-04T17:13:00, Station=OBRC_004
2025-05-04 17:13:02,431 - INFO - Salvata punzonatura nel CSV: SiCard 349578, Stazione 43, Ora 2025-05-04T17:13:00
2025-05-04 17:13:06,543 - INFO - [1128005528] PUNCH: SiCard=423844, Control=43, Time=2025-05-04T17:13:04, Station=OBRC_004
2025-05-04 17:13:06,544 - INFO - Salvata punzonatura nel CSV: SiCard 423844, Stazione 43, Ora 2025-05-04T17:13:04
2025-05-04 17:18:05,354 - INFO - [1128005528] PUNCH: SiCard=423844, Control=10, Time=2025-05-04T17:18:03, Station=OBRC_004
2025-05-04 17:18:05,354 - INFO - Salvata punzonatura nel CSV: SiCard 423844, Stazione 10, Ora 2025-05-04T17:18:03
2025-05-04 17:18:10,466 - INFO - [1128005528] PUNCH: SiCard=349578, Control=10, Time=2025-05-04T17:18:08, Station=OBRC_004
2025-05-04 17:18:10,466 - INFO - Salvata punzonatura nel CSV: SiCard 349578, Stazione 10, Ora 2025-05-04T17:18:08
2025-05-04 17:18:15,302 - INFO - [1128005528] PUNCH: SiCard=1006244, Control=10, Time=2025-05-04T17:18:13, Station=OBRC_004
2025-05-04 17:18:15,302 - INFO - Salvata punzonatura nel CSV: SiCard 1006244, Stazione 10, Ora 2025-05-04T17:18:13
2025-05-04 17:18:19,727 - INFO - [1128005528] PUNCH: SiCard=211309, Control=10, Time=2025-05-04T17:18:17, Station=OBRC_004
2025-05-04 17:18:19,727 - INFO - Salvata punzonatura nel CSV: SiCard 211309, Stazione 10, Ora 2025-05-04T17:18:17
2025-05-04 17:18:25,147 - INFO - [1128005528] PUNCH: SiCard=8237773, Control=10, Time=2025-05-04T17:18:22, Station=OBRC_004
2025-05-04 17:18:25,148 - INFO - Salvata punzonatura nel CSV: SiCard 8237773, Stazione 10, Ora 2025-05-04T17:18:22
2025-05-04 17:18:28,551 - INFO - [1128005528] PUNCH: SiCard=248929, Control=10, Time=2025-05-04T17:18:26, Station=OBRC_004
2025-05-04 17:18:28,551 - INFO - Salvata punzonatura nel CSV: SiCard 248929, Stazione 10, Ora 2025-05-04T17:18:26
2025-05-04 17:18:42,918 - INFO - [1128005528] PUNCH: SiCard=2037494, Control=10, Time=2025-05-04T17:18:40, Station=OBRC_004
2025-05-04 17:18:42,918 - INFO - Salvata punzonatura nel CSV: SiCard 2037494, Stazione 10, Ora 2025-05-04T17:18:40
2025-05-04 17:18:52,079 - INFO - [1128005528] PUNCH: SiCard=2023752, Control=10, Time=2025-05-04T17:18:49, Station=OBRC_004
2025-05-04 17:18:52,080 - INFO - Salvata punzonatura nel CSV: SiCard 2023752, Stazione 10, Ora 2025-05-04T17:18:49
2025-05-04 17:19:02,754 - INFO - [1128005528] PUNCH: SiCard=8237773, Control=10, Time=2025-05-04T17:19:00, Station=OBRC_004
2025-05-04 17:19:02,754 - INFO - Salvata punzonatura nel CSV: SiCard 8237773, Stazione 10, Ora 2025-05-04T17:19:00
2025-05-04 17:19:06,655 - INFO - [1128005528] PUNCH: SiCard=8628697, Control=10, Time=2025-05-04T17:19:04, Station=OBRC_004
2025-05-04 17:19:06,655 - INFO - Salvata punzonatura nel CSV: SiCard 8628697, Stazione 10, Ora 2025-05-04T17:19:04
2025-05-04 17:19:10,336 - INFO - [1128005528] PUNCH: SiCard=8237773, Control=10, Time=2025-05-04T17:19:08, Station=OBRC_004
2025-05-04 17:19:10,336 - INFO - Salvata punzonatura nel CSV: SiCard 8237773, Stazione 10, Ora 2025-05-04T17:19:08
2025-05-04 17:19:13,976 - INFO - [1128005528] PUNCH: SiCard=8628697, Control=10, Time=2025-05-04T17:19:11, Station=OBRC_004
2025-05-04 17:19:13,976 - INFO - Salvata punzonatura nel CSV: SiCard 8628697, Stazione 10, Ora 2025-05-04T17:19:11
2025-05-04 17:19:19,637 - INFO - [1128005528] PUNCH: SiCard=248929, Control=10, Time=2025-05-04T17:19:17, Station=OBRC_004
2025-05-04 17:19:19,638 - INFO - Salvata punzonatura nel CSV: SiCard 248929, Stazione 10, Ora 2025-05-04T17:19:17
2025-05-04 17:19:24,692 - INFO - [1128005528] PUNCH: SiCard=211309, Control=10, Time=2025-05-04T17:19:21, Station=OBRC_004
2025-05-04 17:19:24,693 - INFO - Salvata punzonatura nel CSV: SiCard 211309, Stazione 10, Ora 2025-05-04T17:19:21
2025-05-04 17:19:26,592 - INFO - [1128005528] PUNCH: SiCard=349578, Control=10, Time=2025-05-04T17:19:24, Station=OBRC_004
2025-05-04 17:19:26,592 - INFO - Salvata punzonatura nel CSV: SiCard 349578, Stazione 10, Ora 2025-05-04T17:19:24
2025-05-04 17:19:29,127 - INFO - [1128005528] PUNCH: SiCard=1006244, Control=10, Time=2025-05-04T17:19:26, Station=OBRC_004
2025-05-04 17:19:29,128 - INFO - Salvata punzonatura nel CSV: SiCard 1006244, Stazione 10, Ora 2025-05-04T17:19:26
2025-05-04 17:19:31,421 - INFO - [1128005528] PUNCH: SiCard=423844, Control=10, Time=2025-05-04T17:19:29, Station=OBRC_004
2025-05-04 17:19:31,422 - INFO - Salvata punzonatura nel CSV: SiCard 423844, Stazione 10, Ora 2025-05-04T17:19:29
2025-05-04 17:27:55,007 - INFO - [1128005528] PUNCH: SiCard=423844, Control=10, Time=2025-05-04T17:27:53, Station=OBRC_004
2025-05-04 17:27:55,007 - INFO - Salvata punzonatura nel CSV: SiCard 423844, Stazione 10, Ora 2025-05-04T17:27:53
2025-05-04 17:28:06,696 - INFO - [1128005528] PUNCH: SiCard=8237773, Control=10, Time=2025-05-04T17:28:04, Station=OBRC_004
2025-05-04 17:28:06,697 - INFO - Salvata punzonatura nel CSV: SiCard 8237773, Stazione 10, Ora 2025-05-04T17:28:04
2025-05-04 17:28:15,040 - INFO - [1128005528] PUNCH: SiCard=1006244, Control=10, Time=2025-05-04T17:28:13, Station=OBRC_004
2025-05-04 17:28:15,041 - INFO - Salvata punzonatura nel CSV: SiCard 1006244, Stazione 10, Ora 2025-05-04T17:28:13
2025-05-04 17:28:22,295 - INFO - [1128005528] PUNCH: SiCard=349578, Control=10, Time=2025-05-04T17:28:20, Station=OBRC_004
2025-05-04 17:28:22,296 - INFO - Salvata punzonatura nel CSV: SiCard 349578, Stazione 10, Ora 2025-05-04T17:28:20
2025-05-04 17:28:36,875 - INFO - [1128005528] PUNCH: SiCard=211309, Control=10, Time=2025-05-04T17:28:34, Station=OBRC_004
2025-05-04 17:28:36,875 - INFO - Salvata punzonatura nel CSV: SiCard 211309, Stazione 10, Ora 2025-05-04T17:28:34
2025-05-04 17:28:43,403 - INFO - [1128005528] PUNCH: SiCard=248929, Control=10, Time=2025-05-04T17:28:41, Station=OBRC_004
2025-05-04 17:28:43,404 - INFO - Salvata punzonatura nel CSV: SiCard 248929, Stazione 10, Ora 2025-05-04T17:28:41
2025-05-04 17:28:50,319 - INFO - [1128005528] PUNCH: SiCard=8628697, Control=10, Time=2025-05-04T17:28:46, Station=OBRC_004
2025-05-04 17:28:50,320 - INFO - Salvata punzonatura nel CSV: SiCard 8628697, Stazione 10, Ora 2025-05-04T17:28:46
2025-05-04 17:28:55,194 - INFO - [1128005528] PUNCH: SiCard=2023752, Control=10, Time=2025-05-04T17:28:52, Station=OBRC_004
2025-05-04 17:28:55,195 - INFO - Salvata punzonatura nel CSV: SiCard 2023752, Stazione 10, Ora 2025-05-04T17:28:52
2025-05-04 17:29:00,641 - INFO - [1128005528] PUNCH: SiCard=2037494, Control=10, Time=2025-05-04T17:28:57, Station=OBRC_004
2025-05-04 17:29:00,642 - INFO - Salvata punzonatura nel CSV: SiCard 2037494, Stazione 10, Ora 2025-05-04T17:28:57
2025-05-04 17:29:08,127 - INFO - [1128005528] PUNCH: SiCard=2023752, Control=10, Time=2025-05-04T17:29:05, Station=OBRC_004
2025-05-04 17:29:08,128 - INFO - Salvata punzonatura nel CSV: SiCard 2023752, Stazione 10, Ora 2025-05-04T17:29:05
2025-05-04 17:29:10,146 - INFO - [1128005528] PUNCH: SiCard=2037494, Control=10, Time=2025-05-04T17:29:08, Station=OBRC_004
2025-05-04 17:29:10,147 - INFO - Salvata punzonatura nel CSV: SiCard 2037494, Stazione 10, Ora 2025-05-04T17:29:08
2025-05-04 17:29:15,915 - INFO - [1128005528] PUNCH: SiCard=8628697, Control=10, Time=2025-05-04T17:29:12, Station=OBRC_004
2025-05-04 17:29:15,916 - INFO - Salvata punzonatura nel CSV: SiCard 8628697, Stazione 10, Ora 2025-05-04T17:29:12
2025-05-04 17:29:20,042 - INFO - [1128005528] PUNCH: SiCard=211309, Control=10, Time=2025-05-04T17:29:17, Station=OBRC_004
2025-05-04 17:29:20,043 - INFO - Salvata punzonatura nel CSV: SiCard 211309, Stazione 10, Ora 2025-05-04T17:29:17
2025-05-04 17:29:25,005 - INFO - [1128005528] PUNCH: SiCard=248929, Control=10, Time=2025-05-04T17:29:21, Station=OBRC_004
2025-05-04 17:29:25,005 - INFO - Salvata punzonatura nel CSV: SiCard 248929, Stazione 10, Ora 2025-05-04T17:29:21
2025-05-04 17:29:30,248 - INFO - [1128005528] PUNCH: SiCard=349578, Control=10, Time=2025-05-04T17:29:26, Station=OBRC_004
2025-05-04 17:29:30,250 - INFO - Salvata punzonatura nel CSV: SiCard 349578, Stazione 10, Ora 2025-05-04T17:29:26
2025-05-04 17:29:34,988 - INFO - [1128005528] PUNCH: SiCard=1006244, Control=10, Time=2025-05-04T17:29:31, Station=OBRC_004
2025-05-04 17:29:34,989 - INFO - Salvata punzonatura nel CSV: SiCard 1006244, Stazione 10, Ora 2025-05-04T17:29:31
2025-05-04 17:29:39,538 - INFO - [1128005528] PUNCH: SiCard=8237773, Control=10, Time=2025-05-04T17:29:37, Station=OBRC_004
2025-05-04 17:29:39,539 - INFO - Salvata punzonatura nel CSV: SiCard 8237773, Stazione 10, Ora 2025-05-04T17:29:37
2025-05-04 17:29:41,506 - INFO - [1128005528] PUNCH: SiCard=423844, Control=10, Time=2025-05-04T17:29:39, Station=OBRC_004
2025-05-04 17:29:41,506 - INFO - Salvata punzonatura nel CSV: SiCard 423844, Stazione 10, Ora 2025-05-04T17:29:39
